Added Component: Designator=C1(0603C)
Add component. Clean all parameters for all variants
Add component (AddParameter): Name = "ComponentLink1Description"; Value = "供应商链接"; VariantName = "[No Variations]"
Add component (AddParameter): Name = "ComponentLink1URL"; Value = "http://www.szlcsc.com/product/details_20411.html"; VariantName = "[No Variations]"
Add component (AddParameter): Name = "Notepad"; Value = ""; VariantName = "[No Variations]"
Add component (AddParameter): Name = "Supplier"; Value = "LC"; VariantName = "[No Variations]"
Add component (AddParameter): Name = "SuppliersPartNumber"; Value = "C19702"; VariantName = "[No Variations]"
Added Component: Designator=C2(0603C)
Add component. Clean all parameters for all variants
Add component (AddParameter): Name = "ComponentLink1Description"; Value = "供应商链接"; VariantName = "[No Variations]"
Add component (AddParameter): Name = "ComponentLink1URL"; Value = "http://www.szlcsc.com/product/details_15331.html"; VariantName = "[No Variations]"
Add component (AddParameter): Name = "Notepad"; Value = ""; VariantName = "[No Variations]"
Add component (AddParameter): Name = "Supplier"; Value = "LC"; VariantName = "[No Variations]"
Add component (AddParameter): Name = "SuppliersPartNumber"; Value = "C14663"; VariantName = "[No Variations]"
Added Component: Designator=C3(0603C)
Add component. Clean all parameters for all variants
Add component (AddParameter): Name = "ComponentLink1Description"; Value = "供应商链接"; VariantName = "[No Variations]"
Add component (AddParameter): Name = "ComponentLink1URL"; Value = "http://www.szlcsc.com/product/details_16531.html"; VariantName = "[No Variations]"
Add component (AddParameter): Name = "Notepad"; Value = ""; VariantName = "[No Variations]"
Add component (AddParameter): Name = "Supplier"; Value = "LC"; VariantName = "[No Variations]"
Add component (AddParameter): Name = "SuppliersPartNumber"; Value = "C15849"; VariantName = "[No Variations]"
Added Component: Designator=C4(0603C)
Add component. Clean all parameters for all variants
Add component (AddParameter): Name = "Value"; Value = "0.1uF"; VariantName = "[No Variations]"
Added Component: Designator=C6(0603C)
Add component. Clean all parameters for all variants
Add component (AddParameter): Name = "Value"; Value = "1nF"; VariantName = "[No Variations]"
Added Component: Designator=C7(0603C)
Add component. Clean all parameters for all variants
Add component (AddParameter): Name = "Value"; Value = "0.1uF"; VariantName = "[No Variations]"
Added Component: Designator=C8(0603C)
Add component. Clean all parameters for all variants
Add component (AddParameter): Name = "Value"; Value = "2.2uF"; VariantName = "[No Variations]"
Added Component: Designator=C9(0603C)
Add component. Clean all parameters for all variants
Add component (AddParameter): Name = "Value"; Value = "0.1uF"; VariantName = "[No Variations]"
Added Component: Designator=C10(0603C)
Add component. Clean all parameters for all variants
Add component (AddParameter): Name = "Value"; Value = "1nF"; VariantName = "[No Variations]"
Added Component: Designator=C12(0603C)
Add component. Clean all parameters for all variants
Add component (AddParameter): Name = "Value"; Value = "0.1uF"; VariantName = "[No Variations]"
Added Component: Designator=C13(0603C)
Add component. Clean all parameters for all variants
Add component (AddParameter): Name = "Value"; Value = "2.2uF"; VariantName = "[No Variations]"
Added Component: Designator=C14(0603C)
Add component. Clean all parameters for all variants
Add component (AddParameter): Name = "Value"; Value = "0.1uF"; VariantName = "[No Variations]"
Added Component: Designator=C16(0603C)
Add component. Clean all parameters for all variants
Add component (AddParameter): Name = "Value"; Value = "1nF"; VariantName = "[No Variations]"
Added Component: Designator=C17(0603C)
Add component. Clean all parameters for all variants
Add component (AddParameter): Name = "Value"; Value = "0.1uF"; VariantName = "[No Variations]"
Added Component: Designator=C18(0603C)
Add component. Clean all parameters for all variants
Add component (AddParameter): Name = "Value"; Value = "2.2uF"; VariantName = "[No Variations]"
Added Component: Designator=C19(0603C)
Add component. Clean all parameters for all variants
Add component (AddParameter): Name = "Value"; Value = "0.1uF"; VariantName = "[No Variations]"
Added Component: Designator=C21(0603C)
Add component. Clean all parameters for all variants
Add component (AddParameter): Name = "Value"; Value = "1nF"; VariantName = "[No Variations]"
Added Component: Designator=C22(0603C)
Add component. Clean all parameters for all variants
Add component (AddParameter): Name = "Value"; Value = "0.1uF"; VariantName = "[No Variations]"
Added Component: Designator=C23(0603C)
Add component. Clean all parameters for all variants
Add component (AddParameter): Name = "Value"; Value = "2.2uF"; VariantName = "[No Variations]"
Added Component: Designator=D1(0603Led)
Add component. Clean all parameters for all variants
Add component (AddParameter): Name = "Value"; Value = "Color"; VariantName = "[No Variations]"
Added Component: Designator=JP1(SHDR6)
Add component. Clean all parameters for all variants
Added Component: Designator=JP2(SH_1.0MM_4P)
Add component. Clean all parameters for all variants
Add component (AddParameter): Name = "LatestRevisionDate"; Value = "17-Jul-2002"; VariantName = "[No Variations]"
Add component (AddParameter): Name = "LatestRevisionNote"; Value = "Re-released for DXP Platform."; VariantName = "[No Variations]"
Add component (AddParameter): Name = "Publisher"; Value = "Altium Limited"; VariantName = "[No Variations]"
Added Component: Designator=P1(SH_1.0MM_5P)
Add component. Clean all parameters for all variants
Add component (AddParameter): Name = "LatestRevisionDate"; Value = "17-Jul-2002"; VariantName = "[No Variations]"
Add component (AddParameter): Name = "LatestRevisionNote"; Value = "Re-released for DXP Platform."; VariantName = "[No Variations]"
Add component (AddParameter): Name = "Publisher"; Value = "Altium Limited"; VariantName = "[No Variations]"
Added Component: Designator=P2(SH_1.0MM_5P)
Add component. Clean all parameters for all variants
Add component (AddParameter): Name = "LatestRevisionDate"; Value = "17-Jul-2002"; VariantName = "[No Variations]"
Add component (AddParameter): Name = "LatestRevisionNote"; Value = "Re-released for DXP Platform."; VariantName = "[No Variations]"
Add component (AddParameter): Name = "Publisher"; Value = "Altium Limited"; VariantName = "[No Variations]"
Added Component: Designator=P3(SH_1.0MM_5P)
Add component. Clean all parameters for all variants
Add component (AddParameter): Name = "LatestRevisionDate"; Value = "17-Jul-2002"; VariantName = "[No Variations]"
Add component (AddParameter): Name = "LatestRevisionNote"; Value = "Re-released for DXP Platform."; VariantName = "[No Variations]"
Add component (AddParameter): Name = "Publisher"; Value = "Altium Limited"; VariantName = "[No Variations]"
Added Component: Designator=P4(SH_1.0MM_5P)
Add component. Clean all parameters for all variants
Add component (AddParameter): Name = "LatestRevisionDate"; Value = "17-Jul-2002"; VariantName = "[No Variations]"
Add component (AddParameter): Name = "LatestRevisionNote"; Value = "Re-released for DXP Platform."; VariantName = "[No Variations]"
Add component (AddParameter): Name = "Publisher"; Value = "Altium Limited"; VariantName = "[No Variations]"
Added Component: Designator=R1(0603R)
Add component. Clean all parameters for all variants
Add component (AddParameter): Name = "ComponentLink1Description"; Value = "供应商链接"; VariantName = "[No Variations]"
Add component (AddParameter): Name = "ComponentLink1URL"; Value = "http://www.szlcsc.com/product/details_21903.html"; VariantName = "[No Variations]"
Add component (AddParameter): Name = "Notepad"; Value = ""; VariantName = "[No Variations]"
Add component (AddParameter): Name = "Supplier"; Value = "LC"; VariantName = "[No Variations]"
Add component (AddParameter): Name = "SuppliersPartNumber"; Value = "C21189"; VariantName = "[No Variations]"
Added Component: Designator=R2(0603R)
Add component. Clean all parameters for all variants
Add component (AddParameter): Name = "ComponentLink1Description"; Value = "供应商链接"; VariantName = "[No Variations]"
Add component (AddParameter): Name = "ComponentLink1URL"; Value = "http://www.szlcsc.com/product/details_26547.html"; VariantName = "[No Variations]"
Add component (AddParameter): Name = "Notepad"; Value = ""; VariantName = "[No Variations]"
Add component (AddParameter): Name = "Supplier"; Value = "LC"; VariantName = "[No Variations]"
Add component (AddParameter): Name = "SuppliersPartNumber"; Value = "C25804"; VariantName = "[No Variations]"
Added Component: Designator=R3(0603R)
Add component. Clean all parameters for all variants
Add component (AddParameter): Name = "Value"; Value = "0R"; VariantName = "[No Variations]"
Added Component: Designator=R4(0603R)
Add component. Clean all parameters for all variants
Add component (AddParameter): Name = "Value"; Value = "0R"; VariantName = "[No Variations]"
Added Component: Designator=R5(0603R)
Add component. Clean all parameters for all variants
Add component (AddParameter): Name = "Value"; Value = "0R"; VariantName = "[No Variations]"
Added Component: Designator=R6(0603R)
Add component. Clean all parameters for all variants
Add component (AddParameter): Name = "Value"; Value = "0R"; VariantName = "[No Variations]"
Added Component: Designator=R8(0603R)
Add component. Clean all parameters for all variants
Add component (AddParameter): Name = "Value"; Value = "51R"; VariantName = "[No Variations]"
Added Component: Designator=R9(0603R)
Add component. Clean all parameters for all variants
Add component (AddParameter): Name = "Value"; Value = "51R"; VariantName = "[No Variations]"
Added Component: Designator=R10(0603R)
Add component. Clean all parameters for all variants
Add component (AddParameter): Name = "Value"; Value = "None"; VariantName = "[No Variations]"
Added Component: Designator=R11(0603R)
Add component. Clean all parameters for all variants
Add component (AddParameter): Name = "Value"; Value = "0R"; VariantName = "[No Variations]"
Added Component: Designator=R12(0603R)
Add component. Clean all parameters for all variants
Add component (AddParameter): Name = "Value"; Value = "1K"; VariantName = "[No Variations]"
Added Component: Designator=R13(0603R)
Add component. Clean all parameters for all variants
Add component (AddParameter): Name = "Value"; Value = "0R"; VariantName = "[No Variations]"
Added Component: Designator=R14(0603R)
Add component. Clean all parameters for all variants
Add component (AddParameter): Name = "Value"; Value = "0R"; VariantName = "[No Variations]"
Added Component: Designator=R15(0603R)
Add component. Clean all parameters for all variants
Add component (AddParameter): Name = "Value"; Value = "0R"; VariantName = "[No Variations]"
Added Component: Designator=R16(0603R)
Add component. Clean all parameters for all variants
Add component (AddParameter): Name = "Value"; Value = "0R"; VariantName = "[No Variations]"
Added Component: Designator=R18(0603R)
Add component. Clean all parameters for all variants
Add component (AddParameter): Name = "Value"; Value = "51R"; VariantName = "[No Variations]"
Added Component: Designator=R19(0603R)
Add component. Clean all parameters for all variants
Add component (AddParameter): Name = "Value"; Value = "51R"; VariantName = "[No Variations]"
Added Component: Designator=R20(0603R)
Add component. Clean all parameters for all variants
Add component (AddParameter): Name = "Value"; Value = "NONE"; VariantName = "[No Variations]"
Added Component: Designator=R21(0603R)
Add component. Clean all parameters for all variants
Add component (AddParameter): Name = "Value"; Value = "0R"; VariantName = "[No Variations]"
Added Component: Designator=R22(0603R)
Add component. Clean all parameters for all variants
Add component (AddParameter): Name = "Value"; Value = "1k"; VariantName = "[No Variations]"
Added Component: Designator=R23(0603R)
Add component. Clean all parameters for all variants
Add component (AddParameter): Name = "Value"; Value = "0R"; VariantName = "[No Variations]"
Added Component: Designator=R24(0603R)
Add component. Clean all parameters for all variants
Add component (AddParameter): Name = "Value"; Value = "0R"; VariantName = "[No Variations]"
Added Component: Designator=R25(0603R)
Add component. Clean all parameters for all variants
Add component (AddParameter): Name = "Value"; Value = "0R"; VariantName = "[No Variations]"
Added Component: Designator=R26(0603R)
Add component. Clean all parameters for all variants
Add component (AddParameter): Name = "Value"; Value = "0R"; VariantName = "[No Variations]"
Added Component: Designator=R28(0603R)
Add component. Clean all parameters for all variants
Add component (AddParameter): Name = "Value"; Value = "51"; VariantName = "[No Variations]"
Added Component: Designator=R29(0603R)
Add component. Clean all parameters for all variants
Add component (AddParameter): Name = "Value"; Value = "51"; VariantName = "[No Variations]"
Added Component: Designator=R30(0603R)
Add component. Clean all parameters for all variants
Add component (AddParameter): Name = "Value"; Value = "none"; VariantName = "[No Variations]"
Added Component: Designator=R31(0603R)
Add component. Clean all parameters for all variants
Add component (AddParameter): Name = "Value"; Value = "0R"; VariantName = "[No Variations]"
Added Component: Designator=R32(0603R)
Add component. Clean all parameters for all variants
Add component (AddParameter): Name = "Value"; Value = "1K"; VariantName = "[No Variations]"
Added Component: Designator=R33(0603R)
Add component. Clean all parameters for all variants
Add component (AddParameter): Name = "Value"; Value = "0R"; VariantName = "[No Variations]"
Added Component: Designator=R34(0603R)
Add component. Clean all parameters for all variants
Add component (AddParameter): Name = "Value"; Value = "0R"; VariantName = "[No Variations]"
Added Component: Designator=R35(0603R)
Add component. Clean all parameters for all variants
Add component (AddParameter): Name = "Value"; Value = "0R"; VariantName = "[No Variations]"
Added Component: Designator=R36(0603R)
Add component. Clean all parameters for all variants
Add component (AddParameter): Name = "Value"; Value = "0R"; VariantName = "[No Variations]"
Added Component: Designator=R38(0603R)
Add component. Clean all parameters for all variants
Add component (AddParameter): Name = "Value"; Value = "51R"; VariantName = "[No Variations]"
Added Component: Designator=R39(0603R)
Add component. Clean all parameters for all variants
Add component (AddParameter): Name = "Value"; Value = "51R"; VariantName = "[No Variations]"
Added Component: Designator=R40(0603R)
Add component. Clean all parameters for all variants
Add component (AddParameter): Name = "Value"; Value = "NONE"; VariantName = "[No Variations]"
Added Component: Designator=R41(0603R)
Add component. Clean all parameters for all variants
Add component (AddParameter): Name = "Value"; Value = "0R"; VariantName = "[No Variations]"
Added Component: Designator=R42(0603R)
Add component. Clean all parameters for all variants
Add component (AddParameter): Name = "Value"; Value = "1K"; VariantName = "[No Variations]"
Added Component: Designator=R43(0603R)
Add component. Clean all parameters for all variants
Add component (AddParameter): Name = "Value"; Value = "10K"; VariantName = "[No Variations]"
Added Component: Designator=U1(VSSOP-8)
Add component. Clean all parameters for all variants
Add component (AddParameter): Name = "Datasheet URL"; Value = "http://www.ti.com/lit/gpn/INA333"; VariantName = "[No Variations]"
Add component (AddParameter): Name = "FAMILY_NAME"; Value = "SINGLE SUPPLY"; VariantName = "[No Variations]"
Add component (AddParameter): Name = "GENERIC_PART_NUMBER"; Value = "INA333"; VariantName = "[No Variations]"
Add component (AddParameter): Name = "INDUSTRY_STD_PKG_TYPE"; Value = "MSOP"; VariantName = "[No Variations]"
Add component (AddParameter): Name = "Manufacturer"; Value = "Texas Instruments"; VariantName = "[No Variations]"
Add component (AddParameter): Name = "Manufacturer_Part_Number"; Value = "ina333_dgk_8"; VariantName = "[No Variations]"
Add component (AddParameter): Name = "PACKAGE_DESIGNATOR"; Value = "DGK"; VariantName = "[No Variations]"
Add component (AddParameter): Name = "PIN_COUNT"; Value = "8"; VariantName = "[No Variations]"
Add component (AddParameter): Name = "RefDes"; Value = "RefDes"; VariantName = "[No Variations]"
Add component (AddParameter): Name = "Type"; Value = "DEV"; VariantName = "[No Variations]"
Add component (AddParameter): Name = "Value"; Value = "Value"; VariantName = "[No Variations]"
Add component (AddParameter): Name = "Vendor"; Value = "Texas Instruments"; VariantName = "[No Variations]"
Added Component: Designator=U2(VSSOP-8)
Add component. Clean all parameters for all variants
Add component (AddParameter): Name = "Datasheet URL"; Value = "http://www.ti.com/lit/gpn/INA333"; VariantName = "[No Variations]"
Add component (AddParameter): Name = "FAMILY_NAME"; Value = "SINGLE SUPPLY"; VariantName = "[No Variations]"
Add component (AddParameter): Name = "GENERIC_PART_NUMBER"; Value = "INA333"; VariantName = "[No Variations]"
Add component (AddParameter): Name = "INDUSTRY_STD_PKG_TYPE"; Value = "MSOP"; VariantName = "[No Variations]"
Add component (AddParameter): Name = "Manufacturer"; Value = "Texas Instruments"; VariantName = "[No Variations]"
Add component (AddParameter): Name = "Manufacturer_Part_Number"; Value = "ina333_dgk_8"; VariantName = "[No Variations]"
Add component (AddParameter): Name = "PACKAGE_DESIGNATOR"; Value = "DGK"; VariantName = "[No Variations]"
Add component (AddParameter): Name = "PIN_COUNT"; Value = "8"; VariantName = "[No Variations]"
Add component (AddParameter): Name = "RefDes"; Value = "RefDes"; VariantName = "[No Variations]"
Add component (AddParameter): Name = "Type"; Value = "DEV"; VariantName = "[No Variations]"
Add component (AddParameter): Name = "Value"; Value = "Value"; VariantName = "[No Variations]"
Add component (AddParameter): Name = "Vendor"; Value = "Texas Instruments"; VariantName = "[No Variations]"
Added Component: Designator=U3(VSSOP-8)
Add component. Clean all parameters for all variants
Add component (AddParameter): Name = "Datasheet URL"; Value = "http://www.ti.com/lit/gpn/INA333"; VariantName = "[No Variations]"
Add component (AddParameter): Name = "FAMILY_NAME"; Value = "SINGLE SUPPLY"; VariantName = "[No Variations]"
Add component (AddParameter): Name = "GENERIC_PART_NUMBER"; Value = "INA333"; VariantName = "[No Variations]"
Add component (AddParameter): Name = "INDUSTRY_STD_PKG_TYPE"; Value = "MSOP"; VariantName = "[No Variations]"
Add component (AddParameter): Name = "Manufacturer"; Value = "Texas Instruments"; VariantName = "[No Variations]"
Add component (AddParameter): Name = "Manufacturer_Part_Number"; Value = "ina333_dgk_8"; VariantName = "[No Variations]"
Add component (AddParameter): Name = "PACKAGE_DESIGNATOR"; Value = "DGK"; VariantName = "[No Variations]"
Add component (AddParameter): Name = "PIN_COUNT"; Value = "8"; VariantName = "[No Variations]"
Add component (AddParameter): Name = "RefDes"; Value = "RefDes"; VariantName = "[No Variations]"
Add component (AddParameter): Name = "Type"; Value = "DEV"; VariantName = "[No Variations]"
Add component (AddParameter): Name = "Value"; Value = "Value"; VariantName = "[No Variations]"
Add component (AddParameter): Name = "Vendor"; Value = "Texas Instruments"; VariantName = "[No Variations]"
Added Component: Designator=U4(VSSOP-8)
Add component. Clean all parameters for all variants
Add component (AddParameter): Name = "Datasheet URL"; Value = "http://www.ti.com/lit/gpn/INA333"; VariantName = "[No Variations]"
Add component (AddParameter): Name = "FAMILY_NAME"; Value = "SINGLE SUPPLY"; VariantName = "[No Variations]"
Add component (AddParameter): Name = "GENERIC_PART_NUMBER"; Value = "INA333"; VariantName = "[No Variations]"
Add component (AddParameter): Name = "INDUSTRY_STD_PKG_TYPE"; Value = "MSOP"; VariantName = "[No Variations]"
Add component (AddParameter): Name = "Manufacturer"; Value = "Texas Instruments"; VariantName = "[No Variations]"
Add component (AddParameter): Name = "Manufacturer_Part_Number"; Value = "ina333_dgk_8"; VariantName = "[No Variations]"
Add component (AddParameter): Name = "PACKAGE_DESIGNATOR"; Value = "DGK"; VariantName = "[No Variations]"
Add component (AddParameter): Name = "PIN_COUNT"; Value = "8"; VariantName = "[No Variations]"
Add component (AddParameter): Name = "RefDes"; Value = "RefDes"; VariantName = "[No Variations]"
Add component (AddParameter): Name = "Type"; Value = "DEV"; VariantName = "[No Variations]"
Add component (AddParameter): Name = "Value"; Value = "Value"; VariantName = "[No Variations]"
Add component (AddParameter): Name = "Vendor"; Value = "Texas Instruments"; VariantName = "[No Variations]"
Added Component: Designator=U5(PICO)
Add component. Clean all parameters for all variants
Added Pin To Net: NetName=EN Pin=C3-2
Added Pin To Net: NetName=EN Pin=JP1-3
Added Pin To Net: NetName=EN Pin=R2-1
Added Pin To Net: NetName=EN Pin=U5-9
Added Net: Name=EN
Added Pin To Net: NetName=FLASH_CLK Pin=U5-31
Added Net: Name=FLASH_CLK
Added Pin To Net: NetName=FLASH_CS Pin=U5-25
Added Net: Name=FLASH_CS
Added Pin To Net: NetName=FLASH_SD0 Pin=U5-27
Added Net: Name=FLASH_SD0
Added Pin To Net: NetName=FLASH_SD1 Pin=U5-33
Added Net: Name=FLASH_SD1
Added Pin To Net: NetName=FLASH_SD2 Pin=U5-30
Added Net: Name=FLASH_SD2
Added Pin To Net: NetName=FLASH_SD3 Pin=U5-32
Added Net: Name=FLASH_SD3
Added Pin To Net: NetName=GND Pin=C1-1
Added Pin To Net: NetName=GND Pin=C2-1
Added Pin To Net: NetName=GND Pin=C3-1
Added Pin To Net: NetName=GND Pin=C4-1
Added Pin To Net: NetName=GND Pin=C7-2
Added Pin To Net: NetName=GND Pin=C8-1
Added Pin To Net: NetName=GND Pin=C9-1
Added Pin To Net: NetName=GND Pin=C12-2
Added Pin To Net: NetName=GND Pin=C13-1
Added Pin To Net: NetName=GND Pin=C14-1
Added Pin To Net: NetName=GND Pin=C17-2
Added Pin To Net: NetName=GND Pin=C18-1
Added Pin To Net: NetName=GND Pin=C19-1
Added Pin To Net: NetName=GND Pin=C22-2
Added Pin To Net: NetName=GND Pin=C23-1
Added Pin To Net: NetName=GND Pin=D1-1
Added Pin To Net: NetName=GND Pin=JP1-1
Added Pin To Net: NetName=GND Pin=JP2-1
Added Pin To Net: NetName=GND Pin=R4-1
Added Pin To Net: NetName=GND Pin=R11-2
Added Pin To Net: NetName=GND Pin=R14-1
Added Pin To Net: NetName=GND Pin=R21-2
Added Pin To Net: NetName=GND Pin=R24-1
Added Pin To Net: NetName=GND Pin=R31-2
Added Pin To Net: NetName=GND Pin=R34-1
Added Pin To Net: NetName=GND Pin=R41-2
Added Pin To Net: NetName=GND Pin=U1-4
Added Pin To Net: NetName=GND Pin=U2-4
Added Pin To Net: NetName=GND Pin=U3-4
Added Pin To Net: NetName=GND Pin=U4-4
Added Pin To Net: NetName=GND Pin=U5-49
Added Net: Name=GND
Added Pin To Net: NetName=GPIO0 Pin=JP1-2
Added Pin To Net: NetName=GPIO0 Pin=U5-23
Added Net: Name=GPIO0
Added Pin To Net: NetName=GPIO2 Pin=JP2-3
Added Pin To Net: NetName=GPIO2 Pin=U5-22
Added Net: Name=GPIO2
Added Pin To Net: NetName=GPIO4 Pin=JP2-2
Added Pin To Net: NetName=GPIO4 Pin=U5-24
Added Net: Name=GPIO4
Added Pin To Net: NetName=GPIO5 Pin=U5-34
Added Net: Name=GPIO5
Added Pin To Net: NetName=GPIO9 Pin=U5-28
Added Net: Name=GPIO9
Added Pin To Net: NetName=GPIO10 Pin=U5-29
Added Net: Name=GPIO10
Added Pin To Net: NetName=GPIO12 Pin=U5-18
Added Net: Name=GPIO12
Added Pin To Net: NetName=GPIO13 Pin=U5-20
Added Net: Name=GPIO13
Added Pin To Net: NetName=GPIO14 Pin=U5-17
Added Net: Name=GPIO14
Added Pin To Net: NetName=GPIO15 Pin=U5-21
Added Net: Name=GPIO15
Added Pin To Net: NetName=GPIO18 Pin=U5-35
Added Net: Name=GPIO18
Added Pin To Net: NetName=GPIO19 Pin=U5-38
Added Net: Name=GPIO19
Added Pin To Net: NetName=GPIO21 Pin=U5-42
Added Net: Name=GPIO21
Added Pin To Net: NetName=GPIO22 Pin=U5-39
Added Net: Name=GPIO22
Added Pin To Net: NetName=GPIO23 Pin=U5-36
Added Net: Name=GPIO23
Added Pin To Net: NetName=GPIO25 Pin=U5-14
Added Net: Name=GPIO25
Added Pin To Net: NetName=GPIO26 Pin=U5-15
Added Net: Name=GPIO26
Added Pin To Net: NetName=GPIO27 Pin=U5-16
Added Net: Name=GPIO27
Added Pin To Net: NetName=GPIO32 Pin=C8-2
Added Pin To Net: NetName=GPIO32 Pin=R12-2
Added Pin To Net: NetName=GPIO32 Pin=U5-12
Added Net: Name=GPIO32
Added Pin To Net: NetName=GPIO33 Pin=C13-2
Added Pin To Net: NetName=GPIO33 Pin=R22-2
Added Pin To Net: NetName=GPIO33 Pin=U5-13
Added Net: Name=GPIO33
Added Pin To Net: NetName=GPIO34 Pin=C18-2
Added Pin To Net: NetName=GPIO34 Pin=R32-2
Added Pin To Net: NetName=GPIO34 Pin=U5-10
Added Net: Name=GPIO34
Added Pin To Net: NetName=GPIO35 Pin=C23-2
Added Pin To Net: NetName=GPIO35 Pin=R42-2
Added Pin To Net: NetName=GPIO35 Pin=U5-11
Added Net: Name=GPIO35
Added Pin To Net: NetName=GPIO37 Pin=U5-7
Added Net: Name=GPIO37
Added Pin To Net: NetName=GPIO38 Pin=U5-6
Added Net: Name=GPIO38
Added Pin To Net: NetName=NetC4_2 Pin=C4-2
Added Pin To Net: NetName=NetC4_2 Pin=P1-1
Added Pin To Net: NetName=NetC4_2 Pin=R3-2
Added Net: Name=NetC4_2
Added Pin To Net: NetName=NetC6_1 Pin=C6-1
Added Pin To Net: NetName=NetC6_1 Pin=R6-1
Added Pin To Net: NetName=NetC6_1 Pin=U1-2
Added Net: Name=NetC6_1
Added Pin To Net: NetName=NetC6_2 Pin=C6-2
Added Pin To Net: NetName=NetC6_2 Pin=R5-1
Added Pin To Net: NetName=NetC6_2 Pin=U1-3
Added Net: Name=NetC6_2
Added Pin To Net: NetName=NetC9_2 Pin=C9-2
Added Pin To Net: NetName=NetC9_2 Pin=P2-1
Added Pin To Net: NetName=NetC9_2 Pin=R13-2
Added Net: Name=NetC9_2
Added Pin To Net: NetName=NetC10_1 Pin=C10-1
Added Pin To Net: NetName=NetC10_1 Pin=R16-1
Added Pin To Net: NetName=NetC10_1 Pin=U2-2
Added Net: Name=NetC10_1
Added Pin To Net: NetName=NetC10_2 Pin=C10-2
Added Pin To Net: NetName=NetC10_2 Pin=R15-1
Added Pin To Net: NetName=NetC10_2 Pin=U2-3
Added Net: Name=NetC10_2
Added Pin To Net: NetName=NetC14_2 Pin=C14-2
Added Pin To Net: NetName=NetC14_2 Pin=P3-1
Added Pin To Net: NetName=NetC14_2 Pin=R23-2
Added Net: Name=NetC14_2
Added Pin To Net: NetName=NetC16_1 Pin=C16-1
Added Pin To Net: NetName=NetC16_1 Pin=R26-1
Added Pin To Net: NetName=NetC16_1 Pin=U3-2
Added Net: Name=NetC16_1
Added Pin To Net: NetName=NetC16_2 Pin=C16-2
Added Pin To Net: NetName=NetC16_2 Pin=R25-1
Added Pin To Net: NetName=NetC16_2 Pin=U3-3
Added Net: Name=NetC16_2
Added Pin To Net: NetName=NetC19_2 Pin=C19-2
Added Pin To Net: NetName=NetC19_2 Pin=P4-1
Added Pin To Net: NetName=NetC19_2 Pin=R33-2
Added Net: Name=NetC19_2
Added Pin To Net: NetName=NetC21_1 Pin=C21-1
Added Pin To Net: NetName=NetC21_1 Pin=R36-1
Added Pin To Net: NetName=NetC21_1 Pin=U4-2
Added Net: Name=NetC21_1
Added Pin To Net: NetName=NetC21_2 Pin=C21-2
Added Pin To Net: NetName=NetC21_2 Pin=R35-1
Added Pin To Net: NetName=NetC21_2 Pin=U4-3
Added Net: Name=NetC21_2
Added Pin To Net: NetName=NetD1_2 Pin=D1-2
Added Pin To Net: NetName=NetD1_2 Pin=R43-2
Added Net: Name=NetD1_2
Added Pin To Net: NetName=NetP1_2 Pin=P1-2
Added Pin To Net: NetName=NetP1_2 Pin=R4-2
Added Net: Name=NetP1_2
Added Pin To Net: NetName=NetP1_3 Pin=P1-3
Added Pin To Net: NetName=NetP1_3 Pin=R5-2
Added Net: Name=NetP1_3
Added Pin To Net: NetName=NetP1_4 Pin=P1-4
Added Pin To Net: NetName=NetP1_4 Pin=R6-2
Added Net: Name=NetP1_4
Added Pin To Net: NetName=NetP2_2 Pin=P2-2
Added Pin To Net: NetName=NetP2_2 Pin=R14-2
Added Net: Name=NetP2_2
Added Pin To Net: NetName=NetP2_3 Pin=P2-3
Added Pin To Net: NetName=NetP2_3 Pin=R15-2
Added Net: Name=NetP2_3
Added Pin To Net: NetName=NetP2_4 Pin=P2-4
Added Pin To Net: NetName=NetP2_4 Pin=R16-2
Added Net: Name=NetP2_4
Added Pin To Net: NetName=NetP3_2 Pin=P3-2
Added Pin To Net: NetName=NetP3_2 Pin=R24-2
Added Net: Name=NetP3_2
Added Pin To Net: NetName=NetP3_3 Pin=P3-3
Added Pin To Net: NetName=NetP3_3 Pin=R25-2
Added Net: Name=NetP3_3
Added Pin To Net: NetName=NetP3_4 Pin=P3-4
Added Pin To Net: NetName=NetP3_4 Pin=R26-2
Added Net: Name=NetP3_4
Added Pin To Net: NetName=NetP4_2 Pin=P4-2
Added Pin To Net: NetName=NetP4_2 Pin=R34-2
Added Net: Name=NetP4_2
Added Pin To Net: NetName=NetP4_3 Pin=P4-3
Added Pin To Net: NetName=NetP4_3 Pin=R35-2
Added Net: Name=NetP4_3
Added Pin To Net: NetName=NetP4_4 Pin=P4-4
Added Pin To Net: NetName=NetP4_4 Pin=R36-2
Added Net: Name=NetP4_4
Added Pin To Net: NetName=NetR8_1 Pin=R8-1
Added Pin To Net: NetName=NetR8_1 Pin=U1-1
Added Net: Name=NetR8_1
Added Pin To Net: NetName=NetR8_2 Pin=R8-2
Added Pin To Net: NetName=NetR8_2 Pin=R9-1
Added Net: Name=NetR8_2
Added Pin To Net: NetName=NetR9_2 Pin=R9-2
Added Pin To Net: NetName=NetR9_2 Pin=U1-8
Added Net: Name=NetR9_2
Added Pin To Net: NetName=NetR10_2 Pin=R10-2
Added Pin To Net: NetName=NetR10_2 Pin=R11-1
Added Pin To Net: NetName=NetR10_2 Pin=U1-5
Added Net: Name=NetR10_2
Added Pin To Net: NetName=NetR12_1 Pin=R12-1
Added Pin To Net: NetName=NetR12_1 Pin=U1-6
Added Net: Name=NetR12_1
Added Pin To Net: NetName=NetR18_1 Pin=R18-1
Added Pin To Net: NetName=NetR18_1 Pin=U2-1
Added Net: Name=NetR18_1
Added Pin To Net: NetName=NetR18_2 Pin=R18-2
Added Pin To Net: NetName=NetR18_2 Pin=R19-1
Added Net: Name=NetR18_2
Added Pin To Net: NetName=NetR19_2 Pin=R19-2
Added Pin To Net: NetName=NetR19_2 Pin=U2-8
Added Net: Name=NetR19_2
Added Pin To Net: NetName=NetR20_2 Pin=R20-2
Added Pin To Net: NetName=NetR20_2 Pin=R21-1
Added Pin To Net: NetName=NetR20_2 Pin=U2-5
Added Net: Name=NetR20_2
Added Pin To Net: NetName=NetR22_1 Pin=R22-1
Added Pin To Net: NetName=NetR22_1 Pin=U2-6
Added Net: Name=NetR22_1
Added Pin To Net: NetName=NetR28_1 Pin=R28-1
Added Pin To Net: NetName=NetR28_1 Pin=U3-1
Added Net: Name=NetR28_1
Added Pin To Net: NetName=NetR28_2 Pin=R28-2
Added Pin To Net: NetName=NetR28_2 Pin=R29-1
Added Net: Name=NetR28_2
Added Pin To Net: NetName=NetR29_2 Pin=R29-2
Added Pin To Net: NetName=NetR29_2 Pin=U3-8
Added Net: Name=NetR29_2
Added Pin To Net: NetName=NetR30_2 Pin=R30-2
Added Pin To Net: NetName=NetR30_2 Pin=R31-1
Added Pin To Net: NetName=NetR30_2 Pin=U3-5
Added Net: Name=NetR30_2
Added Pin To Net: NetName=NetR32_1 Pin=R32-1
Added Pin To Net: NetName=NetR32_1 Pin=U3-6
Added Net: Name=NetR32_1
Added Pin To Net: NetName=NetR38_1 Pin=R38-1
Added Pin To Net: NetName=NetR38_1 Pin=U4-1
Added Net: Name=NetR38_1
Added Pin To Net: NetName=NetR38_2 Pin=R38-2
Added Pin To Net: NetName=NetR38_2 Pin=R39-1
Added Net: Name=NetR38_2
Added Pin To Net: NetName=NetR39_2 Pin=R39-2
Added Pin To Net: NetName=NetR39_2 Pin=U4-8
Added Net: Name=NetR39_2
Added Pin To Net: NetName=NetR40_2 Pin=R40-2
Added Pin To Net: NetName=NetR40_2 Pin=R41-1
Added Pin To Net: NetName=NetR40_2 Pin=U4-5
Added Net: Name=NetR40_2
Added Pin To Net: NetName=NetR42_1 Pin=R42-1
Added Pin To Net: NetName=NetR42_1 Pin=U4-6
Added Net: Name=NetR42_1
Added Pin To Net: NetName=RXD Pin=JP1-5
Added Pin To Net: NetName=RXD Pin=U5-40
Added Net: Name=RXD
Added Pin To Net: NetName=SENSOR_VN Pin=U5-8
Added Net: Name=SENSOR_VN
Added Pin To Net: NetName=SENSOR_VP Pin=U5-5
Added Net: Name=SENSOR_VP
Added Pin To Net: NetName=TXD Pin=JP1-4
Added Pin To Net: NetName=TXD Pin=U5-41
Added Net: Name=TXD
Added Pin To Net: NetName=VDD3V3 Pin=C7-1
Added Pin To Net: NetName=VDD3V3 Pin=C12-1
Added Pin To Net: NetName=VDD3V3 Pin=C17-1
Added Pin To Net: NetName=VDD3V3 Pin=C22-1
Added Pin To Net: NetName=VDD3V3 Pin=JP1-6
Added Pin To Net: NetName=VDD3V3 Pin=JP2-4
Added Pin To Net: NetName=VDD3V3 Pin=R1-2
Added Pin To Net: NetName=VDD3V3 Pin=R3-1
Added Pin To Net: NetName=VDD3V3 Pin=R10-1
Added Pin To Net: NetName=VDD3V3 Pin=R13-1
Added Pin To Net: NetName=VDD3V3 Pin=R20-1
Added Pin To Net: NetName=VDD3V3 Pin=R23-1
Added Pin To Net: NetName=VDD3V3 Pin=R30-1
Added Pin To Net: NetName=VDD3V3 Pin=R33-1
Added Pin To Net: NetName=VDD3V3 Pin=R40-1
Added Pin To Net: NetName=VDD3V3 Pin=R43-1
Added Pin To Net: NetName=VDD3V3 Pin=U1-7
Added Pin To Net: NetName=VDD3V3 Pin=U2-7
Added Pin To Net: NetName=VDD3V3 Pin=U3-7
Added Pin To Net: NetName=VDD3V3 Pin=U4-7
Added Net: Name=VDD3V3
Added Pin To Net: NetName=VDD33 Pin=C1-2
Added Pin To Net: NetName=VDD33 Pin=C2-2
Added Pin To Net: NetName=VDD33 Pin=R1-1
Added Pin To Net: NetName=VDD33 Pin=R2-2
Added Pin To Net: NetName=VDD33 Pin=U5-1
Added Pin To Net: NetName=VDD33 Pin=U5-3
Added Pin To Net: NetName=VDD33 Pin=U5-4
Added Pin To Net: NetName=VDD33 Pin=U5-19
Added Pin To Net: NetName=VDD33 Pin=U5-37
Added Pin To Net: NetName=VDD33 Pin=U5-43
Added Pin To Net: NetName=VDD33 Pin=U5-46
Added Net: Name=VDD33
Added Class: Name=Sheet1
